[2023-11-17 11:26:14.785]	local.info	databaseDemo/main.go:14	log init success!
[2023-11-17 11:26:14.785]	local.error	bootstrap/db.go:50	mysql connect failed, err:	{"err": "Error 1698 (28000): Access denied for user 'root'@'localhost'"}
[2023-11-17 11:28:34.884]	local.info	databaseDemo/main.go:14	log init success!
[2023-11-17 11:28:34.885]	local.error	bootstrap/db.go:50	mysql connect failed, err:	{"err": "Error 1698 (28000): Access denied for user 'root'@'localhost'"}
[2023-11-17 11:35:37.175]	local.info	databaseDemo/main.go:14	log init success!
[2023-11-17 11:35:45.109]	local.info	controller/userController.go:26	Register: get info success  bbf 11111111115 123456
[2023-11-17 11:35:45.109]	local.info	controller/userController.go:49	Register: check success
[2023-11-17 11:35:45.115]	local.info	controller/userController.go:60	Register: check exist success
[2023-11-17 11:35:45.181]	local.info	controller/userController.go:70	Register: create user success
[2023-11-17 11:35:45.185]	local.info	controller/userController.go:77	Register: insert into db
[2023-11-17 12:13:33.302]	local.info	databaseDemo/main.go:14	log init success!
[2023-11-17 12:15:26.026]	local.info	databaseDemo/main.go:14	log init success!
[2023-11-18 11:49:31.995]	local.info	databaseDemo/main.go:14	log init success!
[2023-11-18 12:02:54.430]	local.info	databaseDemo/main.go:14	log init success!
[2023-11-18 14:54:55.755]	local.info	databaseDemo/main.go:14	log init success!
[2023-11-18 15:18:51.015]	local.info	databaseDemo/main.go:14	log init success!
[2023-11-18 20:23:09.012]	local.info	databaseDemo/main.go:14	log init success!
[2023-11-18 20:31:07.713]	local.info	databaseDemo/main.go:14	log init success!
[2023-11-18 20:36:07.163]	local.info	databaseDemo/main.go:14	log init success!
[2023-11-18 20:37:02.556]	local.error	controller/redisCheckInController.go:53	用户连续签到失败	{"err": "ERR value is not an integer or out of range"}
[2023-11-18 20:39:50.450]	local.info	databaseDemo/main.go:14	log init success!
[2023-11-19 13:37:14.996]	local.info	databaseDemo/main.go:14	log init success!
[2023-11-20 16:02:39.613]	local.info	databaseDemo/main.go:14	log init success!
[2023-11-25 23:00:28.229]	local.info	databaseDemo/main.go:14	log init success!
[2023-11-25 23:03:49.192]	local.info	databaseDemo/main.go:14	log init success!
[2023-11-25 23:11:02.219]	local.info	databaseDemo/main.go:14	log init success!
[2023-11-25 23:18:23.777]	local.info	databaseDemo/main.go:14	log init success!
[2023-11-25 23:19:25.405]	local.info	databaseDemo/main.go:14	log init success!
[2023-11-25 23:23:14.382]	local.info	databaseDemo/main.go:14	log init success!
[2023-11-25 23:28:43.690]	local.info	databaseDemo/main.go:14	log init success!
[2023-11-25 23:34:55.856]	local.info	databaseDemo/main.go:14	log init success!
[2023-11-25 23:45:14.518]	local.info	databaseDemo/main.go:14	log init success!
[2023-11-25 23:50:23.891]	local.info	databaseDemo/main.go:14	log init success!
[2023-11-26 00:07:43.136]	local.info	databaseDemo/main.go:14	log init success!
[2023-11-26 00:11:06.804]	local.info	databaseDemo/main.go:14	log init success!
[2023-11-26 00:14:04.759]	local.info	databaseDemo/main.go:14	log init success!
[2023-11-26 00:28:28.326]	local.info	databaseDemo/main.go:14	log init success!
