
2023/11/17 11:26:14 /root/workspace/databaseDemo/bootstrap/db.go:46
[error] failed to initialize database, got error Error 1698 (28000): Access denied for user 'root'@'localhost'

2023/11/17 11:28:34 /root/workspace/databaseDemo/bootstrap/db.go:46
[error] failed to initialize database, got error Error 1698 (28000): Access denied for user 'root'@'localhost'

2023/11/17 11:35:37 /root/workspace/databaseDemo/bootstrap/db.go:125
[0.120ms] [rows:-] SELECT DATABASE()

2023/11/17 11:35:37 /root/workspace/databaseDemo/bootstrap/db.go:125
[2.931ms] [rows:1] SELECT SCHEMA_NAME from Information_schema.SCHEMATA where SCHEMA_NAME LIKE 'webtest%' ORDER BY SCHEMA_NAME='webtest' DESC,SCHEMA_NAME limit 1

2023/11/17 11:35:37 /root/workspace/databaseDemo/bootstrap/db.go:125
[1.027ms] [rows:-] SELECT count(*) FROM information_schema.tables WHERE table_schema = 'webtest' AND table_name = 'users' AND table_type = 'BASE TABLE'

2023/11/17 11:35:37 /root/workspace/databaseDemo/bootstrap/db.go:125
[14.515ms] [rows:0] CREATE TABLE `users` (`id` bigint unsigned AUTO_INCREMENT,`created_at` datetime NULL,`updated_at` datetime NULL,`deleted_at` datetime NULL,`name` varchar(191) NOT NULL,`telephone` varchar(191) NOT NULL UNIQUE,`password` varchar(255) NOT NULL,PRIMARY KEY (`id`))

2023/11/17 11:35:45 /root/workspace/databaseDemo/app/controller/userController.go:52 record not found
[6.104ms] [rows:0] SELECT * FROM `users` WHERE telephone = '11111111115' ORDER BY `users`.`id` LIMIT 1

2023/11/17 11:35:45 /root/workspace/databaseDemo/app/controller/userController.go:76
[3.159ms] [rows:1] INSERT INTO `users` (`created_at`,`updated_at`,`deleted_at`,`name`,`telephone`,`password`) VALUES ('2023-11-17 11:35:45.182','2023-11-17 11:35:45.182',NULL,'bbf','11111111115','$2a$10$tqe.BZP8gzQwh3E1GBdHU.9lxmLeDNI6o1RyoEs9VPvL.knlZT5Qy')

2023/11/17 12:13:33 /root/workspace/databaseDemo/bootstrap/db.go:125
[0.086ms] [rows:-] SELECT DATABASE()

2023/11/17 12:13:33 /root/workspace/databaseDemo/bootstrap/db.go:125
[0.500ms] [rows:1] SELECT SCHEMA_NAME from Information_schema.SCHEMATA where SCHEMA_NAME LIKE 'webtest%' ORDER BY SCHEMA_NAME='webtest' DESC,SCHEMA_NAME limit 1

2023/11/17 12:13:33 /root/workspace/databaseDemo/bootstrap/db.go:125
[0.361ms] [rows:-] SELECT count(*) FROM information_schema.tables WHERE table_schema = 'webtest' AND table_name = 'users' AND table_type = 'BASE TABLE'

2023/11/17 12:13:33 /root/workspace/databaseDemo/bootstrap/db.go:125
[0.070ms] [rows:-] SELECT DATABASE()

2023/11/17 12:13:33 /root/workspace/databaseDemo/bootstrap/db.go:125
[0.307ms] [rows:1] SELECT SCHEMA_NAME from Information_schema.SCHEMATA where SCHEMA_NAME LIKE 'webtest%' ORDER BY SCHEMA_NAME='webtest' DESC,SCHEMA_NAME limit 1

2023/11/17 12:13:33 /root/workspace/databaseDemo/bootstrap/db.go:125
[0.178ms] [rows:-] SELECT * FROM `users` LIMIT 1

2023/11/17 12:13:33 /root/workspace/databaseDemo/bootstrap/db.go:125
[0.504ms] [rows:-] SELECT column_name, column_default, is_nullable = 'YES', data_type, character_maximum_length, column_type, column_key, extra, column_comment, numeric_precision, numeric_scale FROM information_schema.columns WHERE table_schema = 'webtest' AND table_name = 'users' ORDER BY ORDINAL_POSITION

2023/11/17 12:15:26 /root/workspace/databaseDemo/bootstrap/db.go:125
[0.151ms] [rows:-] SELECT DATABASE()

2023/11/17 12:15:26 /root/workspace/databaseDemo/bootstrap/db.go:125
[0.425ms] [rows:1] SELECT SCHEMA_NAME from Information_schema.SCHEMATA where SCHEMA_NAME LIKE 'webtest%' ORDER BY SCHEMA_NAME='webtest' DESC,SCHEMA_NAME limit 1

2023/11/17 12:15:26 /root/workspace/databaseDemo/bootstrap/db.go:125
[0.271ms] [rows:-] SELECT count(*) FROM information_schema.tables WHERE table_schema = 'webtest' AND table_name = 'users' AND table_type = 'BASE TABLE'

2023/11/17 12:15:26 /root/workspace/databaseDemo/bootstrap/db.go:125
[0.108ms] [rows:-] SELECT DATABASE()

2023/11/17 12:15:26 /root/workspace/databaseDemo/bootstrap/db.go:125
[0.517ms] [rows:1] SELECT SCHEMA_NAME from Information_schema.SCHEMATA where SCHEMA_NAME LIKE 'webtest%' ORDER BY SCHEMA_NAME='webtest' DESC,SCHEMA_NAME limit 1

2023/11/17 12:15:26 /root/workspace/databaseDemo/bootstrap/db.go:125
[0.208ms] [rows:-] SELECT * FROM `users` LIMIT 1

2023/11/17 12:15:26 /root/workspace/databaseDemo/bootstrap/db.go:125
[0.574ms] [rows:-] SELECT column_name, column_default, is_nullable = 'YES', data_type, character_maximum_length, column_type, column_key, extra, column_comment, numeric_precision, numeric_scale FROM information_schema.columns WHERE table_schema = 'webtest' AND table_name = 'users' ORDER BY ORDINAL_POSITION

2023/11/18 11:49:31 /root/workspace/databaseDemo/bootstrap/db.go:125
[0.095ms] [rows:-] SELECT DATABASE()

2023/11/18 11:49:31 /root/workspace/databaseDemo/bootstrap/db.go:125
[0.503ms] [rows:1] SELECT SCHEMA_NAME from Information_schema.SCHEMATA where SCHEMA_NAME LIKE 'webtest%' ORDER BY SCHEMA_NAME='webtest' DESC,SCHEMA_NAME limit 1

2023/11/18 11:49:31 /root/workspace/databaseDemo/bootstrap/db.go:125
[0.271ms] [rows:-] SELECT count(*) FROM information_schema.tables WHERE table_schema = 'webtest' AND table_name = 'users' AND table_type = 'BASE TABLE'

2023/11/18 11:49:31 /root/workspace/databaseDemo/bootstrap/db.go:125
[0.143ms] [rows:-] SELECT DATABASE()

2023/11/18 11:49:31 /root/workspace/databaseDemo/bootstrap/db.go:125
[0.608ms] [rows:1] SELECT SCHEMA_NAME from Information_schema.SCHEMATA where SCHEMA_NAME LIKE 'webtest%' ORDER BY SCHEMA_NAME='webtest' DESC,SCHEMA_NAME limit 1

2023/11/18 11:49:32 /root/workspace/databaseDemo/bootstrap/db.go:125
[0.260ms] [rows:-] SELECT * FROM `users` LIMIT 1

2023/11/18 11:49:32 /root/workspace/databaseDemo/bootstrap/db.go:125
[0.813ms] [rows:-] SELECT column_name, column_default, is_nullable = 'YES', data_type, character_maximum_length, column_type, column_key, extra, column_comment, numeric_precision, numeric_scale FROM information_schema.columns WHERE table_schema = 'webtest' AND table_name = 'users' ORDER BY ORDINAL_POSITION

2023/11/18 12:02:54 /root/workspace/databaseDemo/bootstrap/db.go:125
[0.075ms] [rows:-] SELECT DATABASE()

2023/11/18 12:02:54 /root/workspace/databaseDemo/bootstrap/db.go:125
[0.475ms] [rows:1] SELECT SCHEMA_NAME from Information_schema.SCHEMATA where SCHEMA_NAME LIKE 'webtest%' ORDER BY SCHEMA_NAME='webtest' DESC,SCHEMA_NAME limit 1

2023/11/18 12:02:54 /root/workspace/databaseDemo/bootstrap/db.go:125
[0.290ms] [rows:-] SELECT count(*) FROM information_schema.tables WHERE table_schema = 'webtest' AND table_name = 'users' AND table_type = 'BASE TABLE'

2023/11/18 12:02:54 /root/workspace/databaseDemo/bootstrap/db.go:125
[0.072ms] [rows:-] SELECT DATABASE()

2023/11/18 12:02:54 /root/workspace/databaseDemo/bootstrap/db.go:125
[0.412ms] [rows:1] SELECT SCHEMA_NAME from Information_schema.SCHEMATA where SCHEMA_NAME LIKE 'webtest%' ORDER BY SCHEMA_NAME='webtest' DESC,SCHEMA_NAME limit 1

2023/11/18 12:02:54 /root/workspace/databaseDemo/bootstrap/db.go:125
[0.193ms] [rows:-] SELECT * FROM `users` LIMIT 1

2023/11/18 12:02:54 /root/workspace/databaseDemo/bootstrap/db.go:125
[0.461ms] [rows:-] SELECT column_name, column_default, is_nullable = 'YES', data_type, character_maximum_length, column_type, column_key, extra, column_comment, numeric_precision, numeric_scale FROM information_schema.columns WHERE table_schema = 'webtest' AND table_name = 'users' ORDER BY ORDINAL_POSITION

2023/11/18 14:54:55 /root/workspace/databaseDemo/bootstrap/db.go:125
[0.086ms] [rows:-] SELECT DATABASE()

2023/11/18 14:54:55 /root/workspace/databaseDemo/bootstrap/db.go:125
[0.468ms] [rows:1] SELECT SCHEMA_NAME from Information_schema.SCHEMATA where SCHEMA_NAME LIKE 'webtest%' ORDER BY SCHEMA_NAME='webtest' DESC,SCHEMA_NAME limit 1

2023/11/18 14:54:55 /root/workspace/databaseDemo/bootstrap/db.go:125
[0.349ms] [rows:-] SELECT count(*) FROM information_schema.tables WHERE table_schema = 'webtest' AND table_name = 'users' AND table_type = 'BASE TABLE'

2023/11/18 14:54:55 /root/workspace/databaseDemo/bootstrap/db.go:125
[0.067ms] [rows:-] SELECT DATABASE()

2023/11/18 14:54:55 /root/workspace/databaseDemo/bootstrap/db.go:125
[0.389ms] [rows:1] SELECT SCHEMA_NAME from Information_schema.SCHEMATA where SCHEMA_NAME LIKE 'webtest%' ORDER BY SCHEMA_NAME='webtest' DESC,SCHEMA_NAME limit 1

2023/11/18 14:54:55 /root/workspace/databaseDemo/bootstrap/db.go:125
[0.207ms] [rows:-] SELECT * FROM `users` LIMIT 1

2023/11/18 14:54:55 /root/workspace/databaseDemo/bootstrap/db.go:125
[0.595ms] [rows:-] SELECT column_name, column_default, is_nullable = 'YES', data_type, character_maximum_length, column_type, column_key, extra, column_comment, numeric_precision, numeric_scale FROM information_schema.columns WHERE table_schema = 'webtest' AND table_name = 'users' ORDER BY ORDINAL_POSITION

2023/11/18 15:18:51 /root/workspace/databaseDemo/bootstrap/db.go:125
[0.093ms] [rows:-] SELECT DATABASE()

2023/11/18 15:18:51 /root/workspace/databaseDemo/bootstrap/db.go:125
[0.490ms] [rows:1] SELECT SCHEMA_NAME from Information_schema.SCHEMATA where SCHEMA_NAME LIKE 'webtest%' ORDER BY SCHEMA_NAME='webtest' DESC,SCHEMA_NAME limit 1

2023/11/18 15:18:51 /root/workspace/databaseDemo/bootstrap/db.go:125
[0.257ms] [rows:-] SELECT count(*) FROM information_schema.tables WHERE table_schema = 'webtest' AND table_name = 'users' AND table_type = 'BASE TABLE'

2023/11/18 15:18:51 /root/workspace/databaseDemo/bootstrap/db.go:125
[0.072ms] [rows:-] SELECT DATABASE()

2023/11/18 15:18:51 /root/workspace/databaseDemo/bootstrap/db.go:125
[0.547ms] [rows:1] SELECT SCHEMA_NAME from Information_schema.SCHEMATA where SCHEMA_NAME LIKE 'webtest%' ORDER BY SCHEMA_NAME='webtest' DESC,SCHEMA_NAME limit 1

2023/11/18 15:18:51 /root/workspace/databaseDemo/bootstrap/db.go:125
[0.216ms] [rows:-] SELECT * FROM `users` LIMIT 1

2023/11/18 15:18:51 /root/workspace/databaseDemo/bootstrap/db.go:125
[0.509ms] [rows:-] SELECT column_name, column_default, is_nullable = 'YES', data_type, character_maximum_length, column_type, column_key, extra, column_comment, numeric_precision, numeric_scale FROM information_schema.columns WHERE table_schema = 'webtest' AND table_name = 'users' ORDER BY ORDINAL_POSITION

2023/11/18 20:23:09 /root/workspace/databaseDemo/bootstrap/db.go:125
[0.109ms] [rows:-] SELECT DATABASE()

2023/11/18 20:23:09 /root/workspace/databaseDemo/bootstrap/db.go:125
[0.511ms] [rows:1] SELECT SCHEMA_NAME from Information_schema.SCHEMATA where SCHEMA_NAME LIKE 'webtest%' ORDER BY SCHEMA_NAME='webtest' DESC,SCHEMA_NAME limit 1

2023/11/18 20:23:09 /root/workspace/databaseDemo/bootstrap/db.go:125
[0.249ms] [rows:-] SELECT count(*) FROM information_schema.tables WHERE table_schema = 'webtest' AND table_name = 'users' AND table_type = 'BASE TABLE'

2023/11/18 20:23:09 /root/workspace/databaseDemo/bootstrap/db.go:125
[0.096ms] [rows:-] SELECT DATABASE()

2023/11/18 20:23:09 /root/workspace/databaseDemo/bootstrap/db.go:125
[0.392ms] [rows:1] SELECT SCHEMA_NAME from Information_schema.SCHEMATA where SCHEMA_NAME LIKE 'webtest%' ORDER BY SCHEMA_NAME='webtest' DESC,SCHEMA_NAME limit 1

2023/11/18 20:23:09 /root/workspace/databaseDemo/bootstrap/db.go:125
[0.194ms] [rows:-] SELECT * FROM `users` LIMIT 1

2023/11/18 20:23:09 /root/workspace/databaseDemo/bootstrap/db.go:125
[0.664ms] [rows:-] SELECT column_name, column_default, is_nullable = 'YES', data_type, character_maximum_length, column_type, column_key, extra, column_comment, numeric_precision, numeric_scale FROM information_schema.columns WHERE table_schema = 'webtest' AND table_name = 'users' ORDER BY ORDINAL_POSITION

2023/11/18 20:31:07 /root/workspace/databaseDemo/bootstrap/db.go:125
[0.092ms] [rows:-] SELECT DATABASE()

2023/11/18 20:31:07 /root/workspace/databaseDemo/bootstrap/db.go:125
[0.373ms] [rows:1] SELECT SCHEMA_NAME from Information_schema.SCHEMATA where SCHEMA_NAME LIKE 'webtest%' ORDER BY SCHEMA_NAME='webtest' DESC,SCHEMA_NAME limit 1

2023/11/18 20:31:07 /root/workspace/databaseDemo/bootstrap/db.go:125
[0.254ms] [rows:-] SELECT count(*) FROM information_schema.tables WHERE table_schema = 'webtest' AND table_name = 'users' AND table_type = 'BASE TABLE'

2023/11/18 20:31:07 /root/workspace/databaseDemo/bootstrap/db.go:125
[0.067ms] [rows:-] SELECT DATABASE()

2023/11/18 20:31:07 /root/workspace/databaseDemo/bootstrap/db.go:125
[0.310ms] [rows:1] SELECT SCHEMA_NAME from Information_schema.SCHEMATA where SCHEMA_NAME LIKE 'webtest%' ORDER BY SCHEMA_NAME='webtest' DESC,SCHEMA_NAME limit 1

2023/11/18 20:31:07 /root/workspace/databaseDemo/bootstrap/db.go:125
[0.164ms] [rows:-] SELECT * FROM `users` LIMIT 1

2023/11/18 20:31:07 /root/workspace/databaseDemo/bootstrap/db.go:125
[0.495ms] [rows:-] SELECT column_name, column_default, is_nullable = 'YES', data_type, character_maximum_length, column_type, column_key, extra, column_comment, numeric_precision, numeric_scale FROM information_schema.columns WHERE table_schema = 'webtest' AND table_name = 'users' ORDER BY ORDINAL_POSITION

2023/11/18 20:36:07 /root/workspace/databaseDemo/bootstrap/db.go:125
[0.124ms] [rows:-] SELECT DATABASE()

2023/11/18 20:36:07 /root/workspace/databaseDemo/bootstrap/db.go:125
[0.477ms] [rows:1] SELECT SCHEMA_NAME from Information_schema.SCHEMATA where SCHEMA_NAME LIKE 'webtest%' ORDER BY SCHEMA_NAME='webtest' DESC,SCHEMA_NAME limit 1

2023/11/18 20:36:07 /root/workspace/databaseDemo/bootstrap/db.go:125
[0.267ms] [rows:-] SELECT count(*) FROM information_schema.tables WHERE table_schema = 'webtest' AND table_name = 'users' AND table_type = 'BASE TABLE'

2023/11/18 20:36:07 /root/workspace/databaseDemo/bootstrap/db.go:125
[0.073ms] [rows:-] SELECT DATABASE()

2023/11/18 20:36:07 /root/workspace/databaseDemo/bootstrap/db.go:125
[0.408ms] [rows:1] SELECT SCHEMA_NAME from Information_schema.SCHEMATA where SCHEMA_NAME LIKE 'webtest%' ORDER BY SCHEMA_NAME='webtest' DESC,SCHEMA_NAME limit 1

2023/11/18 20:36:07 /root/workspace/databaseDemo/bootstrap/db.go:125
[0.207ms] [rows:-] SELECT * FROM `users` LIMIT 1

2023/11/18 20:36:07 /root/workspace/databaseDemo/bootstrap/db.go:125
[0.488ms] [rows:-] SELECT column_name, column_default, is_nullable = 'YES', data_type, character_maximum_length, column_type, column_key, extra, column_comment, numeric_precision, numeric_scale FROM information_schema.columns WHERE table_schema = 'webtest' AND table_name = 'users' ORDER BY ORDINAL_POSITION

2023/11/18 20:39:50 /root/workspace/databaseDemo/bootstrap/db.go:125
[0.097ms] [rows:-] SELECT DATABASE()

2023/11/18 20:39:50 /root/workspace/databaseDemo/bootstrap/db.go:125
[0.455ms] [rows:1] SELECT SCHEMA_NAME from Information_schema.SCHEMATA where SCHEMA_NAME LIKE 'webtest%' ORDER BY SCHEMA_NAME='webtest' DESC,SCHEMA_NAME limit 1

2023/11/18 20:39:50 /root/workspace/databaseDemo/bootstrap/db.go:125
[0.284ms] [rows:-] SELECT count(*) FROM information_schema.tables WHERE table_schema = 'webtest' AND table_name = 'users' AND table_type = 'BASE TABLE'

2023/11/18 20:39:50 /root/workspace/databaseDemo/bootstrap/db.go:125
[0.093ms] [rows:-] SELECT DATABASE()

2023/11/18 20:39:50 /root/workspace/databaseDemo/bootstrap/db.go:125
[0.381ms] [rows:1] SELECT SCHEMA_NAME from Information_schema.SCHEMATA where SCHEMA_NAME LIKE 'webtest%' ORDER BY SCHEMA_NAME='webtest' DESC,SCHEMA_NAME limit 1

2023/11/18 20:39:50 /root/workspace/databaseDemo/bootstrap/db.go:125
[0.554ms] [rows:-] SELECT * FROM `users` LIMIT 1

2023/11/18 20:39:50 /root/workspace/databaseDemo/bootstrap/db.go:125
[0.496ms] [rows:-] SELECT column_name, column_default, is_nullable = 'YES', data_type, character_maximum_length, column_type, column_key, extra, column_comment, numeric_precision, numeric_scale FROM information_schema.columns WHERE table_schema = 'webtest' AND table_name = 'users' ORDER BY ORDINAL_POSITION
